<?xml version="1.0" encoding="UTF-8"?>
<testsuite xmlns:xsi="http://www.w3.org/2001/XMLSchema-instance" xsi:noNamespaceSchemaLocation="https://maven.apache.org/surefire/maven-surefire-plugin/xsd/surefire-test-report.xsd" version="3.0.2" name="de.unibayreuth.se.taskboard.TaskBoardSystemTests" time="7.338" tests="4" errors="0" skipped="0" failures="0">
  <properties>
[...]
</properties>
  <testcase name="createAndDeleteTask" classname="de.unibayreuth.se.taskboard.TaskBoardSystemTests" time="1.004">
    <system-out><![CDATA[17:11:01.830 [main] INFO org.springframework.test.context.support.AnnotationConfigContextLoaderUtils -- Could not detect default configuration classes for test class [de.unibayreuth.se.taskboard.TaskBoardSystemTests]: TaskBoardSystemTests does not declare any static, non-private, non-final, nested classes annotated with @Configuration.
17:11:01.901 [main] INFO org.springframework.boot.test.context.SpringBootTestContextBootstrapper -- Found @SpringBootConfiguration de.unibayreuth.se.taskboard.Application for test class de.unibayreuth.se.taskboard.TaskBoardSystemTests
17:11:01.980 [main] INFO org.testcontainers.images.PullPolicy -- Image pull policy will be performed by: DefaultPullPolicy()
17:11:01.981 [main] INFO org.testcontainers.utility.ImageNameSubstitutor -- Image name substitution will be performed by: DefaultImageNameSubstitutor (composite of 'ConfigurationFileImageNameSubstitutor' and 'PrefixingImageNameSubstitutor')
17:11:02.271 [main] INFO org.testcontainers.dockerclient.DockerClientProviderStrategy -- Found Docker environment with local Unix socket (unix:///var/run/docker.sock)
17:11:02.287 [main] INFO org.testcontainers.DockerClientFactory -- Docker host IP address is 172.17.0.1
17:11:02.297 [main] INFO org.testcontainers.DockerClientFactory -- Connected to docker: 
  Server Version: 29.1.3
  API Version: 1.52
  Operating System: EndeavourOS
  Total Memory: 31746 MB
17:11:02.337 [main] INFO tc.testcontainers/ryuk:0.7.0 -- Creating container for image: testcontainers/ryuk:0.7.0
17:11:02.340 [main] INFO org.testcontainers.utility.RegistryAuthLocator -- Failure when attempting to lookup auth config. Please ignore if you don't have images in an authenticated registry. Details: (dockerImageName: testcontainers/ryuk:0.7.0, configFile: /root/.docker/config.json, configEnv: DOCKER_AUTH_CONFIG). Falling back to docker-java default behaviour. Exception message: Status 404: No config supplied. Checked in order: /root/.docker/config.json (file not found), DOCKER_AUTH_CONFIG (not set)
17:11:02.473 [main] INFO tc.testcontainers/ryuk:0.7.0 -- Container testcontainers/ryuk:0.7.0 is starting: c120d9446e32f11d0f9536e83bb15aa6824320b178f0304fb67e3868e343587c
17:11:02.692 [main] INFO tc.testcontainers/ryuk:0.7.0 -- Container testcontainers/ryuk:0.7.0 started in PT0.35470976S
17:11:02.696 [main] INFO org.testcontainers.utility.RyukResourceReaper -- Ryuk started - will monitor and terminate Testcontainers containers on JVM exit
17:11:02.697 [main] INFO org.testcontainers.DockerClientFactory -- Checking the system...
17:11:02.697 [main] INFO org.testcontainers.DockerClientFactory -- ✔︎ Docker server version should be at least 1.6.0
17:11:02.697 [main] INFO tc.postgres:16-alpine -- Creating container for image: postgres:16-alpine
17:11:02.775 [main] INFO tc.postgres:16-alpine -- Container postgres:16-alpine is starting: 7c4b280d93ec1d87f42be62d4ffa927521fc887f6a8aad2621b072e6526e35e1
17:11:04.649 [main] INFO tc.postgres:16-alpine -- Container postgres:16-alpine started in PT1.951837946S
17:11:04.650 [main] INFO tc.postgres:16-alpine -- Container is started (JDBC URL: jdbc:postgresql://172.17.0.1:32781/postgres?loggerLevel=OFF)

  .   ____          _            __ _ _
 /\\ / ___'_ __ _ _(_)_ __  __ _ \ \ \ \
( ( )\___ | '_ | '_| | '_ \/ _` | \ \ \ \
 \\/  ___)| |_)| | | | | || (_| |  ) ) ) )
  '  |____| .__|_| |_|_| |_\__, | / / / /
 =========|_|==============|___/=/_/_/_/

 :: Spring Boot ::                (v3.3.5)

2026-01-16T17:11:04.815Z  INFO 517 --- [taskboard] [           main] d.u.se.taskboard.TaskBoardSystemTests    : Starting TaskBoardSystemTests using Java 21.0.9 with PID 517 (started by root in /home/navy/Documents/SDE/ase25-assignment05/application)
2026-01-16T17:11:04.816Z  INFO 517 --- [taskboard] [           main] d.u.se.taskboard.TaskBoardSystemTests    : No active profile set, falling back to 1 default profile: "default"
2026-01-16T17:11:05.350Z  INFO 517 --- [taskboard] [           main] .s.d.r.c.RepositoryConfigurationDelegate : Bootstrapping Spring Data JPA repositories in DEFAULT mode.
2026-01-16T17:11:05.384Z  INFO 517 --- [taskboard] [           main] .s.d.r.c.RepositoryConfigurationDelegate : Finished Spring Data repository scanning in 29 ms. Found 2 JPA repository interfaces.
2026-01-16T17:11:05.700Z  INFO 517 --- [taskboard] [           main] o.s.b.w.embedded.tomcat.TomcatWebServer  : Tomcat initialized with port 0 (http)
2026-01-16T17:11:05.710Z  INFO 517 --- [taskboard] [           main] o.apache.catalina.core.StandardService   : Starting service [Tomcat]
2026-01-16T17:11:05.711Z  INFO 517 --- [taskboard] [           main] o.apache.catalina.core.StandardEngine    : Starting Servlet engine: [Apache Tomcat/10.1.31]
2026-01-16T17:11:05.754Z  INFO 517 --- [taskboard] [           main] o.a.c.c.C.[Tomcat].[localhost].[/]       : Initializing Spring embedded WebApplicationContext
2026-01-16T17:11:05.755Z  INFO 517 --- [taskboard] [           main] w.s.c.ServletWebServerApplicationContext : Root WebApplicationContext: initialization completed in 839 ms
2026-01-16T17:11:05.905Z  INFO 517 --- [taskboard] [           main] com.zaxxer.hikari.HikariDataSource       : HikariPool-1 - Starting...
2026-01-16T17:11:06.023Z  INFO 517 --- [taskboard] [           main] com.zaxxer.hikari.pool.HikariPool        : HikariPool-1 - Added connection org.postgresql.jdbc.PgConnection@54e680fe
2026-01-16T17:11:06.024Z  INFO 517 --- [taskboard] [           main] com.zaxxer.hikari.HikariDataSource       : HikariPool-1 - Start completed.
2026-01-16T17:11:06.047Z  INFO 517 --- [taskboard] [           main] org.flywaydb.core.FlywayExecutor         : Database: jdbc:postgresql://172.17.0.1:32781/postgres?loggerLevel=OFF (PostgreSQL 16.11)
2026-01-16T17:11:06.073Z  INFO 517 --- [taskboard] [           main] o.f.c.i.s.JdbcTableSchemaHistory         : Schema history table "public"."flyway_schema_history" does not exist yet
2026-01-16T17:11:06.074Z  INFO 517 --- [taskboard] [           main] o.f.core.internal.command.DbValidate     : Successfully validated 1 migration (execution time 00:00.008s)
2026-01-16T17:11:06.082Z  INFO 517 --- [taskboard] [           main] o.f.c.i.s.JdbcTableSchemaHistory         : Creating Schema History table "public"."flyway_schema_history" ...
2026-01-16T17:11:06.121Z  INFO 517 --- [taskboard] [           main] o.f.core.internal.command.DbMigrate      : Current version of schema "public": << Empty Schema >>
2026-01-16T17:11:06.127Z  INFO 517 --- [taskboard] [           main] o.f.core.internal.command.DbMigrate      : Migrating schema "public" to version "1 - create users and tasks table"
2026-01-16T17:11:06.146Z  INFO 517 --- [taskboard] [           main] o.f.core.internal.command.DbMigrate      : Successfully applied 1 migration to schema "public", now at version v1 (execution time 00:00.009s)
2026-01-16T17:11:06.196Z  INFO 517 --- [taskboard] [           main] o.hibernate.jpa.internal.util.LogHelper  : HHH000204: Processing PersistenceUnitInfo [name: default]
2026-01-16T17:11:06.224Z  INFO 517 --- [taskboard] [           main] org.hibernate.Version                    : HHH000412: Hibernate ORM core version 6.5.3.Final
2026-01-16T17:11:06.244Z  INFO 517 --- [taskboard] [           main] o.h.c.internal.RegionFactoryInitiator    : HHH000026: Second-level cache disabled
2026-01-16T17:11:06.386Z  INFO 517 --- [taskboard] [           main] o.s.o.j.p.SpringPersistenceUnitInfo      : No LoadTimeWeaver setup: ignoring JPA class transformer
2026-01-16T17:11:06.821Z  INFO 517 --- [taskboard] [           main] j.LocalContainerEntityManagerFactoryBean : Initialized JPA EntityManagerFactory for persistence unit 'default'
2026-01-16T17:11:07.355Z  INFO 517 --- [taskboard] [           main] o.s.b.w.embedded.tomcat.TomcatWebServer  : Tomcat started on port 45207 (http) with context path '/'
2026-01-16T17:11:07.363Z  INFO 517 --- [taskboard] [           main] d.u.se.taskboard.TaskBoardSystemTests    : Started TaskBoardSystemTests in 2.699 seconds (process running for 5.94)
2026-01-16T17:11:08.152Z  INFO 517 --- [taskboard] [o-auto-1-exec-1] o.a.c.c.C.[Tomcat].[localhost].[/]       : Initializing Spring DispatcherServlet 'dispatcherServlet'
2026-01-16T17:11:08.152Z  INFO 517 --- [taskboard] [o-auto-1-exec-1] o.s.web.servlet.DispatcherServlet        : Initializing Servlet 'dispatcherServlet'
2026-01-16T17:11:08.153Z  INFO 517 --- [taskboard] [o-auto-1-exec-1] o.s.web.servlet.DispatcherServlet        : Completed initialization in 1 ms
]]></system-out>
  </testcase>
  <testcase name="getAllCreatedTasks" classname="de.unibayreuth.se.taskboard.TaskBoardSystemTests" time="0.174"/>
  <testcase name="getAllCreatedUsers" classname="de.unibayreuth.se.taskboard.TaskBoardSystemTests" time="0.059"/>
  <testcase name="getUserById" classname="de.unibayreuth.se.taskboard.TaskBoardSystemTests" time="0.201"/>
</testsuite>